[2021-03-01 23:33:06,342] {scheduler_job.py:182} INFO - Started process (PID=45) to work on /home/airflow/.local/lib/python3.6/site-packages/airflow/example_dags/example_complex.py
[2021-03-01 23:33:06,345] {scheduler_job.py:629} INFO - Processing file /home/airflow/.local/lib/python3.6/site-packages/airflow/example_dags/example_complex.py for tasks to queue
[2021-03-01 23:33:06,347] {logging_mixin.py:104} INFO - [2021-03-01 23:33:06,347] {dagbag.py:448} INFO - Filling up the DagBag from /home/airflow/.local/lib/python3.6/site-packages/airflow/example_dags/example_complex.py
[2021-03-01 23:33:06,385] {scheduler_job.py:639} INFO - DAG(s) dict_keys(['example_complex']) retrieved from /home/airflow/.local/lib/python3.6/site-packages/airflow/example_dags/example_complex.py
[2021-03-01 23:33:06,424] {logging_mixin.py:104} INFO - [2021-03-01 23:33:06,424] {dag.py:1818} INFO - Sync 1 DAGs
[2021-03-01 23:33:06,439] {logging_mixin.py:104} INFO - [2021-03-01 23:33:06,439] {dag.py:1837} INFO - Creating ORM DAG for example_complex
[2021-03-01 23:33:06,446] {logging_mixin.py:104} INFO - [2021-03-01 23:33:06,446] {dag.py:2273} INFO - Setting next_dagrun for example_complex to None
[2021-03-01 23:33:06,472] {scheduler_job.py:190} INFO - Processing /home/airflow/.local/lib/python3.6/site-packages/airflow/example_dags/example_complex.py took 0.138 seconds
[2021-03-01 23:33:36,935] {scheduler_job.py:182} INFO - Started process (PID=69) to work on /home/airflow/.local/lib/python3.6/site-packages/airflow/example_dags/example_complex.py
[2021-03-01 23:33:36,937] {scheduler_job.py:629} INFO - Processing file /home/airflow/.local/lib/python3.6/site-packages/airflow/example_dags/example_complex.py for tasks to queue
[2021-03-01 23:33:36,939] {logging_mixin.py:104} INFO - [2021-03-01 23:33:36,938] {dagbag.py:448} INFO - Filling up the DagBag from /home/airflow/.local/lib/python3.6/site-packages/airflow/example_dags/example_complex.py
[2021-03-01 23:33:36,959] {scheduler_job.py:639} INFO - DAG(s) dict_keys(['example_complex']) retrieved from /home/airflow/.local/lib/python3.6/site-packages/airflow/example_dags/example_complex.py
[2021-03-01 23:33:36,984] {logging_mixin.py:104} INFO - [2021-03-01 23:33:36,984] {dag.py:1818} INFO - Sync 1 DAGs
[2021-03-01 23:33:36,998] {logging_mixin.py:104} INFO - [2021-03-01 23:33:36,998] {dag.py:2273} INFO - Setting next_dagrun for example_complex to None
[2021-03-01 23:33:37,007] {scheduler_job.py:190} INFO - Processing /home/airflow/.local/lib/python3.6/site-packages/airflow/example_dags/example_complex.py took 0.076 seconds
[2021-03-01 23:34:07,208] {scheduler_job.py:182} INFO - Started process (PID=93) to work on /home/airflow/.local/lib/python3.6/site-packages/airflow/example_dags/example_complex.py
[2021-03-01 23:34:07,210] {scheduler_job.py:629} INFO - Processing file /home/airflow/.local/lib/python3.6/site-packages/airflow/example_dags/example_complex.py for tasks to queue
[2021-03-01 23:34:07,211] {logging_mixin.py:104} INFO - [2021-03-01 23:34:07,211] {dagbag.py:448} INFO - Filling up the DagBag from /home/airflow/.local/lib/python3.6/site-packages/airflow/example_dags/example_complex.py
[2021-03-01 23:34:07,231] {scheduler_job.py:639} INFO - DAG(s) dict_keys(['example_complex']) retrieved from /home/airflow/.local/lib/python3.6/site-packages/airflow/example_dags/example_complex.py
[2021-03-01 23:34:07,256] {logging_mixin.py:104} INFO - [2021-03-01 23:34:07,256] {dag.py:1818} INFO - Sync 1 DAGs
[2021-03-01 23:34:07,271] {logging_mixin.py:104} INFO - [2021-03-01 23:34:07,271] {dag.py:2273} INFO - Setting next_dagrun for example_complex to None
[2021-03-01 23:34:07,282] {scheduler_job.py:190} INFO - Processing /home/airflow/.local/lib/python3.6/site-packages/airflow/example_dags/example_complex.py took 0.080 seconds
