[2021-03-01 23:33:06,886] {scheduler_job.py:182} INFO - Started process (PID=50) to work on /home/airflow/.local/lib/python3.6/site-packages/airflow/example_dags/example_skip_dag.py
[2021-03-01 23:33:06,892] {scheduler_job.py:629} INFO - Processing file /home/airflow/.local/lib/python3.6/site-packages/airflow/example_dags/example_skip_dag.py for tasks to queue
[2021-03-01 23:33:06,894] {logging_mixin.py:104} INFO - [2021-03-01 23:33:06,894] {dagbag.py:448} INFO - Filling up the DagBag from /home/airflow/.local/lib/python3.6/site-packages/airflow/example_dags/example_skip_dag.py
[2021-03-01 23:33:06,918] {scheduler_job.py:639} INFO - DAG(s) dict_keys(['example_skip_dag']) retrieved from /home/airflow/.local/lib/python3.6/site-packages/airflow/example_dags/example_skip_dag.py
[2021-03-01 23:33:06,959] {logging_mixin.py:104} INFO - [2021-03-01 23:33:06,959] {dag.py:1818} INFO - Sync 1 DAGs
[2021-03-01 23:33:06,972] {logging_mixin.py:104} INFO - [2021-03-01 23:33:06,972] {dag.py:1837} INFO - Creating ORM DAG for example_skip_dag
[2021-03-01 23:33:06,979] {logging_mixin.py:104} INFO - [2021-03-01 23:33:06,979] {dag.py:2273} INFO - Setting next_dagrun for example_skip_dag to 2021-02-27 00:00:00+00:00
[2021-03-01 23:33:06,996] {scheduler_job.py:190} INFO - Processing /home/airflow/.local/lib/python3.6/site-packages/airflow/example_dags/example_skip_dag.py took 0.124 seconds
[2021-03-01 23:33:37,233] {scheduler_job.py:182} INFO - Started process (PID=75) to work on /home/airflow/.local/lib/python3.6/site-packages/airflow/example_dags/example_skip_dag.py
[2021-03-01 23:33:37,235] {scheduler_job.py:629} INFO - Processing file /home/airflow/.local/lib/python3.6/site-packages/airflow/example_dags/example_skip_dag.py for tasks to queue
[2021-03-01 23:33:37,237] {logging_mixin.py:104} INFO - [2021-03-01 23:33:37,236] {dagbag.py:448} INFO - Filling up the DagBag from /home/airflow/.local/lib/python3.6/site-packages/airflow/example_dags/example_skip_dag.py
[2021-03-01 23:33:37,255] {scheduler_job.py:639} INFO - DAG(s) dict_keys(['example_skip_dag']) retrieved from /home/airflow/.local/lib/python3.6/site-packages/airflow/example_dags/example_skip_dag.py
[2021-03-01 23:33:37,279] {logging_mixin.py:104} INFO - [2021-03-01 23:33:37,278] {dag.py:1818} INFO - Sync 1 DAGs
[2021-03-01 23:33:37,295] {logging_mixin.py:104} INFO - [2021-03-01 23:33:37,295] {dag.py:2273} INFO - Setting next_dagrun for example_skip_dag to 2021-02-27 00:00:00+00:00
[2021-03-01 23:33:37,304] {scheduler_job.py:190} INFO - Processing /home/airflow/.local/lib/python3.6/site-packages/airflow/example_dags/example_skip_dag.py took 0.075 seconds
[2021-03-01 23:34:07,519] {scheduler_job.py:182} INFO - Started process (PID=101) to work on /home/airflow/.local/lib/python3.6/site-packages/airflow/example_dags/example_skip_dag.py
[2021-03-01 23:34:07,521] {scheduler_job.py:629} INFO - Processing file /home/airflow/.local/lib/python3.6/site-packages/airflow/example_dags/example_skip_dag.py for tasks to queue
[2021-03-01 23:34:07,522] {logging_mixin.py:104} INFO - [2021-03-01 23:34:07,522] {dagbag.py:448} INFO - Filling up the DagBag from /home/airflow/.local/lib/python3.6/site-packages/airflow/example_dags/example_skip_dag.py
[2021-03-01 23:34:07,534] {scheduler_job.py:639} INFO - DAG(s) dict_keys(['example_skip_dag']) retrieved from /home/airflow/.local/lib/python3.6/site-packages/airflow/example_dags/example_skip_dag.py
[2021-03-01 23:34:07,556] {logging_mixin.py:104} INFO - [2021-03-01 23:34:07,556] {dag.py:1818} INFO - Sync 1 DAGs
[2021-03-01 23:34:07,573] {logging_mixin.py:104} INFO - [2021-03-01 23:34:07,573] {dag.py:2273} INFO - Setting next_dagrun for example_skip_dag to 2021-02-27 00:00:00+00:00
[2021-03-01 23:34:07,583] {scheduler_job.py:190} INFO - Processing /home/airflow/.local/lib/python3.6/site-packages/airflow/example_dags/example_skip_dag.py took 0.068 seconds
