[2021-03-01 23:33:05,154] {scheduler_job.py:182} INFO - Started process (PID=27) to work on /home/airflow/.local/lib/python3.6/site-packages/airflow/example_dags/example_latest_only_with_trigger.py
[2021-03-01 23:33:05,155] {scheduler_job.py:629} INFO - Processing file /home/airflow/.local/lib/python3.6/site-packages/airflow/example_dags/example_latest_only_with_trigger.py for tasks to queue
[2021-03-01 23:33:05,157] {logging_mixin.py:104} INFO - [2021-03-01 23:33:05,156] {dagbag.py:448} INFO - Filling up the DagBag from /home/airflow/.local/lib/python3.6/site-packages/airflow/example_dags/example_latest_only_with_trigger.py
[2021-03-01 23:33:05,180] {scheduler_job.py:639} INFO - DAG(s) dict_keys(['latest_only_with_trigger']) retrieved from /home/airflow/.local/lib/python3.6/site-packages/airflow/example_dags/example_latest_only_with_trigger.py
[2021-03-01 23:33:05,215] {logging_mixin.py:104} INFO - [2021-03-01 23:33:05,215] {dag.py:1818} INFO - Sync 1 DAGs
[2021-03-01 23:33:05,237] {logging_mixin.py:104} INFO - [2021-03-01 23:33:05,237] {dag.py:1837} INFO - Creating ORM DAG for latest_only_with_trigger
[2021-03-01 23:33:05,245] {logging_mixin.py:104} INFO - [2021-03-01 23:33:05,245] {dag.py:2273} INFO - Setting next_dagrun for latest_only_with_trigger to 2021-02-27 00:00:00+00:00
[2021-03-01 23:33:05,269] {scheduler_job.py:190} INFO - Processing /home/airflow/.local/lib/python3.6/site-packages/airflow/example_dags/example_latest_only_with_trigger.py took 0.120 seconds
[2021-03-01 23:33:36,134] {scheduler_job.py:182} INFO - Started process (PID=53) to work on /home/airflow/.local/lib/python3.6/site-packages/airflow/example_dags/example_latest_only_with_trigger.py
[2021-03-01 23:33:36,137] {scheduler_job.py:629} INFO - Processing file /home/airflow/.local/lib/python3.6/site-packages/airflow/example_dags/example_latest_only_with_trigger.py for tasks to queue
[2021-03-01 23:33:36,139] {logging_mixin.py:104} INFO - [2021-03-01 23:33:36,139] {dagbag.py:448} INFO - Filling up the DagBag from /home/airflow/.local/lib/python3.6/site-packages/airflow/example_dags/example_latest_only_with_trigger.py
[2021-03-01 23:33:36,163] {scheduler_job.py:639} INFO - DAG(s) dict_keys(['latest_only_with_trigger']) retrieved from /home/airflow/.local/lib/python3.6/site-packages/airflow/example_dags/example_latest_only_with_trigger.py
[2021-03-01 23:33:36,191] {logging_mixin.py:104} INFO - [2021-03-01 23:33:36,190] {dag.py:1818} INFO - Sync 1 DAGs
[2021-03-01 23:33:36,212] {logging_mixin.py:104} INFO - [2021-03-01 23:33:36,212] {dag.py:2273} INFO - Setting next_dagrun for latest_only_with_trigger to 2021-02-27 00:00:00+00:00
[2021-03-01 23:33:36,221] {scheduler_job.py:190} INFO - Processing /home/airflow/.local/lib/python3.6/site-packages/airflow/example_dags/example_latest_only_with_trigger.py took 0.097 seconds
[2021-03-01 23:34:06,572] {scheduler_job.py:182} INFO - Started process (PID=80) to work on /home/airflow/.local/lib/python3.6/site-packages/airflow/example_dags/example_latest_only_with_trigger.py
[2021-03-01 23:34:06,575] {scheduler_job.py:629} INFO - Processing file /home/airflow/.local/lib/python3.6/site-packages/airflow/example_dags/example_latest_only_with_trigger.py for tasks to queue
[2021-03-01 23:34:06,576] {logging_mixin.py:104} INFO - [2021-03-01 23:34:06,576] {dagbag.py:448} INFO - Filling up the DagBag from /home/airflow/.local/lib/python3.6/site-packages/airflow/example_dags/example_latest_only_with_trigger.py
[2021-03-01 23:34:06,590] {scheduler_job.py:639} INFO - DAG(s) dict_keys(['latest_only_with_trigger']) retrieved from /home/airflow/.local/lib/python3.6/site-packages/airflow/example_dags/example_latest_only_with_trigger.py
[2021-03-01 23:34:06,613] {logging_mixin.py:104} INFO - [2021-03-01 23:34:06,613] {dag.py:1818} INFO - Sync 1 DAGs
[2021-03-01 23:34:06,630] {logging_mixin.py:104} INFO - [2021-03-01 23:34:06,630] {dag.py:2273} INFO - Setting next_dagrun for latest_only_with_trigger to 2021-02-27 00:00:00+00:00
[2021-03-01 23:34:06,639] {scheduler_job.py:190} INFO - Processing /home/airflow/.local/lib/python3.6/site-packages/airflow/example_dags/example_latest_only_with_trigger.py took 0.070 seconds
