[2021-03-01 23:33:06,199] {scheduler_job.py:182} INFO - Started process (PID=43) to work on /home/airflow/.local/lib/python3.6/site-packages/airflow/example_dags/example_task_group.py
[2021-03-01 23:33:06,201] {scheduler_job.py:629} INFO - Processing file /home/airflow/.local/lib/python3.6/site-packages/airflow/example_dags/example_task_group.py for tasks to queue
[2021-03-01 23:33:06,203] {logging_mixin.py:104} INFO - [2021-03-01 23:33:06,203] {dagbag.py:448} INFO - Filling up the DagBag from /home/airflow/.local/lib/python3.6/site-packages/airflow/example_dags/example_task_group.py
[2021-03-01 23:33:06,222] {scheduler_job.py:639} INFO - DAG(s) dict_keys(['example_task_group']) retrieved from /home/airflow/.local/lib/python3.6/site-packages/airflow/example_dags/example_task_group.py
[2021-03-01 23:33:06,251] {logging_mixin.py:104} INFO - [2021-03-01 23:33:06,251] {dag.py:1818} INFO - Sync 1 DAGs
[2021-03-01 23:33:06,267] {logging_mixin.py:104} INFO - [2021-03-01 23:33:06,267] {dag.py:1837} INFO - Creating ORM DAG for example_task_group
[2021-03-01 23:33:06,274] {logging_mixin.py:104} INFO - [2021-03-01 23:33:06,274] {dag.py:2273} INFO - Setting next_dagrun for example_task_group to 2021-02-27 00:00:00+00:00
[2021-03-01 23:33:06,289] {scheduler_job.py:190} INFO - Processing /home/airflow/.local/lib/python3.6/site-packages/airflow/example_dags/example_task_group.py took 0.095 seconds
[2021-03-01 23:33:36,848] {scheduler_job.py:182} INFO - Started process (PID=67) to work on /home/airflow/.local/lib/python3.6/site-packages/airflow/example_dags/example_task_group.py
[2021-03-01 23:33:36,850] {scheduler_job.py:629} INFO - Processing file /home/airflow/.local/lib/python3.6/site-packages/airflow/example_dags/example_task_group.py for tasks to queue
[2021-03-01 23:33:36,852] {logging_mixin.py:104} INFO - [2021-03-01 23:33:36,852] {dagbag.py:448} INFO - Filling up the DagBag from /home/airflow/.local/lib/python3.6/site-packages/airflow/example_dags/example_task_group.py
[2021-03-01 23:33:36,866] {scheduler_job.py:639} INFO - DAG(s) dict_keys(['example_task_group']) retrieved from /home/airflow/.local/lib/python3.6/site-packages/airflow/example_dags/example_task_group.py
[2021-03-01 23:33:36,888] {logging_mixin.py:104} INFO - [2021-03-01 23:33:36,888] {dag.py:1818} INFO - Sync 1 DAGs
[2021-03-01 23:33:36,904] {logging_mixin.py:104} INFO - [2021-03-01 23:33:36,904] {dag.py:2273} INFO - Setting next_dagrun for example_task_group to 2021-02-27 00:00:00+00:00
[2021-03-01 23:33:36,915] {scheduler_job.py:190} INFO - Processing /home/airflow/.local/lib/python3.6/site-packages/airflow/example_dags/example_task_group.py took 0.071 seconds
[2021-03-01 23:34:07,114] {scheduler_job.py:182} INFO - Started process (PID=91) to work on /home/airflow/.local/lib/python3.6/site-packages/airflow/example_dags/example_task_group.py
[2021-03-01 23:34:07,116] {scheduler_job.py:629} INFO - Processing file /home/airflow/.local/lib/python3.6/site-packages/airflow/example_dags/example_task_group.py for tasks to queue
[2021-03-01 23:34:07,117] {logging_mixin.py:104} INFO - [2021-03-01 23:34:07,117] {dagbag.py:448} INFO - Filling up the DagBag from /home/airflow/.local/lib/python3.6/site-packages/airflow/example_dags/example_task_group.py
[2021-03-01 23:34:07,132] {scheduler_job.py:639} INFO - DAG(s) dict_keys(['example_task_group']) retrieved from /home/airflow/.local/lib/python3.6/site-packages/airflow/example_dags/example_task_group.py
[2021-03-01 23:34:07,155] {logging_mixin.py:104} INFO - [2021-03-01 23:34:07,155] {dag.py:1818} INFO - Sync 1 DAGs
[2021-03-01 23:34:07,171] {logging_mixin.py:104} INFO - [2021-03-01 23:34:07,171] {dag.py:2273} INFO - Setting next_dagrun for example_task_group to 2021-02-27 00:00:00+00:00
[2021-03-01 23:34:07,184] {scheduler_job.py:190} INFO - Processing /home/airflow/.local/lib/python3.6/site-packages/airflow/example_dags/example_task_group.py took 0.074 seconds
