[2021-03-01 23:33:05,659] {scheduler_job.py:182} INFO - Started process (PID=34) to work on /home/airflow/.local/lib/python3.6/site-packages/airflow/example_dags/example_bash_operator.py
[2021-03-01 23:33:05,661] {scheduler_job.py:629} INFO - Processing file /home/airflow/.local/lib/python3.6/site-packages/airflow/example_dags/example_bash_operator.py for tasks to queue
[2021-03-01 23:33:05,662] {logging_mixin.py:104} INFO - [2021-03-01 23:33:05,662] {dagbag.py:448} INFO - Filling up the DagBag from /home/airflow/.local/lib/python3.6/site-packages/airflow/example_dags/example_bash_operator.py
[2021-03-01 23:33:05,679] {scheduler_job.py:639} INFO - DAG(s) dict_keys(['example_bash_operator']) retrieved from /home/airflow/.local/lib/python3.6/site-packages/airflow/example_dags/example_bash_operator.py
[2021-03-01 23:33:05,709] {logging_mixin.py:104} INFO - [2021-03-01 23:33:05,709] {dag.py:1818} INFO - Sync 1 DAGs
[2021-03-01 23:33:05,724] {logging_mixin.py:104} INFO - [2021-03-01 23:33:05,724] {dag.py:1837} INFO - Creating ORM DAG for example_bash_operator
[2021-03-01 23:33:05,742] {logging_mixin.py:104} INFO - [2021-03-01 23:33:05,742] {dag.py:2273} INFO - Setting next_dagrun for example_bash_operator to 2021-02-27 00:00:00+00:00
[2021-03-01 23:33:05,757] {scheduler_job.py:190} INFO - Processing /home/airflow/.local/lib/python3.6/site-packages/airflow/example_dags/example_bash_operator.py took 0.103 seconds
[2021-03-01 23:33:36,509] {scheduler_job.py:182} INFO - Started process (PID=60) to work on /home/airflow/.local/lib/python3.6/site-packages/airflow/example_dags/example_bash_operator.py
[2021-03-01 23:33:36,511] {scheduler_job.py:629} INFO - Processing file /home/airflow/.local/lib/python3.6/site-packages/airflow/example_dags/example_bash_operator.py for tasks to queue
[2021-03-01 23:33:36,512] {logging_mixin.py:104} INFO - [2021-03-01 23:33:36,512] {dagbag.py:448} INFO - Filling up the DagBag from /home/airflow/.local/lib/python3.6/site-packages/airflow/example_dags/example_bash_operator.py
[2021-03-01 23:33:36,526] {scheduler_job.py:639} INFO - DAG(s) dict_keys(['example_bash_operator']) retrieved from /home/airflow/.local/lib/python3.6/site-packages/airflow/example_dags/example_bash_operator.py
[2021-03-01 23:33:36,546] {logging_mixin.py:104} INFO - [2021-03-01 23:33:36,546] {dag.py:1818} INFO - Sync 1 DAGs
[2021-03-01 23:33:36,566] {logging_mixin.py:104} INFO - [2021-03-01 23:33:36,566] {dag.py:2273} INFO - Setting next_dagrun for example_bash_operator to 2021-02-27 00:00:00+00:00
[2021-03-01 23:33:36,575] {scheduler_job.py:190} INFO - Processing /home/airflow/.local/lib/python3.6/site-packages/airflow/example_dags/example_bash_operator.py took 0.071 seconds
[2021-03-01 23:34:06,858] {scheduler_job.py:182} INFO - Started process (PID=86) to work on /home/airflow/.local/lib/python3.6/site-packages/airflow/example_dags/example_bash_operator.py
[2021-03-01 23:34:06,861] {scheduler_job.py:629} INFO - Processing file /home/airflow/.local/lib/python3.6/site-packages/airflow/example_dags/example_bash_operator.py for tasks to queue
[2021-03-01 23:34:06,862] {logging_mixin.py:104} INFO - [2021-03-01 23:34:06,862] {dagbag.py:448} INFO - Filling up the DagBag from /home/airflow/.local/lib/python3.6/site-packages/airflow/example_dags/example_bash_operator.py
[2021-03-01 23:34:06,875] {scheduler_job.py:639} INFO - DAG(s) dict_keys(['example_bash_operator']) retrieved from /home/airflow/.local/lib/python3.6/site-packages/airflow/example_dags/example_bash_operator.py
[2021-03-01 23:34:06,896] {logging_mixin.py:104} INFO - [2021-03-01 23:34:06,896] {dag.py:1818} INFO - Sync 1 DAGs
[2021-03-01 23:34:06,917] {logging_mixin.py:104} INFO - [2021-03-01 23:34:06,917] {dag.py:2273} INFO - Setting next_dagrun for example_bash_operator to 2021-02-27 00:00:00+00:00
[2021-03-01 23:34:06,926] {scheduler_job.py:190} INFO - Processing /home/airflow/.local/lib/python3.6/site-packages/airflow/example_dags/example_bash_operator.py took 0.071 seconds
