[2021-03-01 23:33:05,909] {scheduler_job.py:182} INFO - Started process (PID=38) to work on /home/airflow/.local/lib/python3.6/site-packages/airflow/example_dags/example_python_operator.py
[2021-03-01 23:33:05,911] {scheduler_job.py:629} INFO - Processing file /home/airflow/.local/lib/python3.6/site-packages/airflow/example_dags/example_python_operator.py for tasks to queue
[2021-03-01 23:33:05,913] {logging_mixin.py:104} INFO - [2021-03-01 23:33:05,912] {dagbag.py:448} INFO - Filling up the DagBag from /home/airflow/.local/lib/python3.6/site-packages/airflow/example_dags/example_python_operator.py
[2021-03-01 23:33:05,929] {scheduler_job.py:639} INFO - DAG(s) dict_keys(['example_python_operator']) retrieved from /home/airflow/.local/lib/python3.6/site-packages/airflow/example_dags/example_python_operator.py
[2021-03-01 23:33:05,960] {logging_mixin.py:104} INFO - [2021-03-01 23:33:05,960] {dag.py:1818} INFO - Sync 1 DAGs
[2021-03-01 23:33:05,971] {logging_mixin.py:104} INFO - [2021-03-01 23:33:05,971] {dag.py:1837} INFO - Creating ORM DAG for example_python_operator
[2021-03-01 23:33:05,977] {logging_mixin.py:104} INFO - [2021-03-01 23:33:05,977] {dag.py:2273} INFO - Setting next_dagrun for example_python_operator to None
[2021-03-01 23:33:05,994] {scheduler_job.py:190} INFO - Processing /home/airflow/.local/lib/python3.6/site-packages/airflow/example_dags/example_python_operator.py took 0.090 seconds
[2021-03-01 23:33:36,682] {scheduler_job.py:182} INFO - Started process (PID=65) to work on /home/airflow/.local/lib/python3.6/site-packages/airflow/example_dags/example_python_operator.py
[2021-03-01 23:33:36,684] {scheduler_job.py:629} INFO - Processing file /home/airflow/.local/lib/python3.6/site-packages/airflow/example_dags/example_python_operator.py for tasks to queue
[2021-03-01 23:33:36,685] {logging_mixin.py:104} INFO - [2021-03-01 23:33:36,685] {dagbag.py:448} INFO - Filling up the DagBag from /home/airflow/.local/lib/python3.6/site-packages/airflow/example_dags/example_python_operator.py
[2021-03-01 23:33:36,698] {scheduler_job.py:639} INFO - DAG(s) dict_keys(['example_python_operator']) retrieved from /home/airflow/.local/lib/python3.6/site-packages/airflow/example_dags/example_python_operator.py
[2021-03-01 23:33:36,719] {logging_mixin.py:104} INFO - [2021-03-01 23:33:36,718] {dag.py:1818} INFO - Sync 1 DAGs
[2021-03-01 23:33:36,733] {logging_mixin.py:104} INFO - [2021-03-01 23:33:36,733] {dag.py:2273} INFO - Setting next_dagrun for example_python_operator to None
[2021-03-01 23:33:36,742] {scheduler_job.py:190} INFO - Processing /home/airflow/.local/lib/python3.6/site-packages/airflow/example_dags/example_python_operator.py took 0.063 seconds
[2021-03-01 23:34:07,213] {scheduler_job.py:182} INFO - Started process (PID=94) to work on /home/airflow/.local/lib/python3.6/site-packages/airflow/example_dags/example_python_operator.py
[2021-03-01 23:34:07,215] {scheduler_job.py:629} INFO - Processing file /home/airflow/.local/lib/python3.6/site-packages/airflow/example_dags/example_python_operator.py for tasks to queue
[2021-03-01 23:34:07,216] {logging_mixin.py:104} INFO - [2021-03-01 23:34:07,216] {dagbag.py:448} INFO - Filling up the DagBag from /home/airflow/.local/lib/python3.6/site-packages/airflow/example_dags/example_python_operator.py
[2021-03-01 23:34:07,229] {scheduler_job.py:639} INFO - DAG(s) dict_keys(['example_python_operator']) retrieved from /home/airflow/.local/lib/python3.6/site-packages/airflow/example_dags/example_python_operator.py
[2021-03-01 23:34:07,251] {logging_mixin.py:104} INFO - [2021-03-01 23:34:07,250] {dag.py:1818} INFO - Sync 1 DAGs
[2021-03-01 23:34:07,266] {logging_mixin.py:104} INFO - [2021-03-01 23:34:07,266] {dag.py:2273} INFO - Setting next_dagrun for example_python_operator to None
[2021-03-01 23:34:07,275] {scheduler_job.py:190} INFO - Processing /home/airflow/.local/lib/python3.6/site-packages/airflow/example_dags/example_python_operator.py took 0.066 seconds
