[2021-03-01 23:33:05,591] {scheduler_job.py:182} INFO - Started process (PID=33) to work on /home/airflow/.local/lib/python3.6/site-packages/airflow/example_dags/example_trigger_target_dag.py
[2021-03-01 23:33:05,594] {scheduler_job.py:629} INFO - Processing file /home/airflow/.local/lib/python3.6/site-packages/airflow/example_dags/example_trigger_target_dag.py for tasks to queue
[2021-03-01 23:33:05,595] {logging_mixin.py:104} INFO - [2021-03-01 23:33:05,595] {dagbag.py:448} INFO - Filling up the DagBag from /home/airflow/.local/lib/python3.6/site-packages/airflow/example_dags/example_trigger_target_dag.py
[2021-03-01 23:33:05,610] {scheduler_job.py:639} INFO - DAG(s) dict_keys(['example_trigger_target_dag']) retrieved from /home/airflow/.local/lib/python3.6/site-packages/airflow/example_dags/example_trigger_target_dag.py
[2021-03-01 23:33:05,643] {logging_mixin.py:104} INFO - [2021-03-01 23:33:05,642] {dag.py:1818} INFO - Sync 1 DAGs
[2021-03-01 23:33:05,657] {logging_mixin.py:104} INFO - [2021-03-01 23:33:05,657] {dag.py:1837} INFO - Creating ORM DAG for example_trigger_target_dag
[2021-03-01 23:33:05,663] {logging_mixin.py:104} INFO - [2021-03-01 23:33:05,663] {dag.py:2273} INFO - Setting next_dagrun for example_trigger_target_dag to None
[2021-03-01 23:33:05,677] {scheduler_job.py:190} INFO - Processing /home/airflow/.local/lib/python3.6/site-packages/airflow/example_dags/example_trigger_target_dag.py took 0.090 seconds
[2021-03-01 23:33:36,430] {scheduler_job.py:182} INFO - Started process (PID=59) to work on /home/airflow/.local/lib/python3.6/site-packages/airflow/example_dags/example_trigger_target_dag.py
[2021-03-01 23:33:36,432] {scheduler_job.py:629} INFO - Processing file /home/airflow/.local/lib/python3.6/site-packages/airflow/example_dags/example_trigger_target_dag.py for tasks to queue
[2021-03-01 23:33:36,433] {logging_mixin.py:104} INFO - [2021-03-01 23:33:36,433] {dagbag.py:448} INFO - Filling up the DagBag from /home/airflow/.local/lib/python3.6/site-packages/airflow/example_dags/example_trigger_target_dag.py
[2021-03-01 23:33:36,446] {scheduler_job.py:639} INFO - DAG(s) dict_keys(['example_trigger_target_dag']) retrieved from /home/airflow/.local/lib/python3.6/site-packages/airflow/example_dags/example_trigger_target_dag.py
[2021-03-01 23:33:36,466] {logging_mixin.py:104} INFO - [2021-03-01 23:33:36,466] {dag.py:1818} INFO - Sync 1 DAGs
[2021-03-01 23:33:36,481] {logging_mixin.py:104} INFO - [2021-03-01 23:33:36,481] {dag.py:2273} INFO - Setting next_dagrun for example_trigger_target_dag to None
[2021-03-01 23:33:36,489] {scheduler_job.py:190} INFO - Processing /home/airflow/.local/lib/python3.6/site-packages/airflow/example_dags/example_trigger_target_dag.py took 0.063 seconds
[2021-03-01 23:34:06,768] {scheduler_job.py:182} INFO - Started process (PID=85) to work on /home/airflow/.local/lib/python3.6/site-packages/airflow/example_dags/example_trigger_target_dag.py
[2021-03-01 23:34:06,770] {scheduler_job.py:629} INFO - Processing file /home/airflow/.local/lib/python3.6/site-packages/airflow/example_dags/example_trigger_target_dag.py for tasks to queue
[2021-03-01 23:34:06,771] {logging_mixin.py:104} INFO - [2021-03-01 23:34:06,771] {dagbag.py:448} INFO - Filling up the DagBag from /home/airflow/.local/lib/python3.6/site-packages/airflow/example_dags/example_trigger_target_dag.py
[2021-03-01 23:34:06,786] {scheduler_job.py:639} INFO - DAG(s) dict_keys(['example_trigger_target_dag']) retrieved from /home/airflow/.local/lib/python3.6/site-packages/airflow/example_dags/example_trigger_target_dag.py
[2021-03-01 23:34:06,808] {logging_mixin.py:104} INFO - [2021-03-01 23:34:06,808] {dag.py:1818} INFO - Sync 1 DAGs
[2021-03-01 23:34:06,825] {logging_mixin.py:104} INFO - [2021-03-01 23:34:06,825] {dag.py:2273} INFO - Setting next_dagrun for example_trigger_target_dag to None
[2021-03-01 23:34:06,835] {scheduler_job.py:190} INFO - Processing /home/airflow/.local/lib/python3.6/site-packages/airflow/example_dags/example_trigger_target_dag.py took 0.071 seconds
