[2021-03-01 23:33:05,959] {scheduler_job.py:182} INFO - Started process (PID=39) to work on /home/airflow/.local/lib/python3.6/site-packages/airflow/example_dags/example_nested_branch_dag.py
[2021-03-01 23:33:05,962] {scheduler_job.py:629} INFO - Processing file /home/airflow/.local/lib/python3.6/site-packages/airflow/example_dags/example_nested_branch_dag.py for tasks to queue
[2021-03-01 23:33:05,963] {logging_mixin.py:104} INFO - [2021-03-01 23:33:05,963] {dagbag.py:448} INFO - Filling up the DagBag from /home/airflow/.local/lib/python3.6/site-packages/airflow/example_dags/example_nested_branch_dag.py
[2021-03-01 23:33:05,982] {scheduler_job.py:639} INFO - DAG(s) dict_keys(['example_nested_branch_dag']) retrieved from /home/airflow/.local/lib/python3.6/site-packages/airflow/example_dags/example_nested_branch_dag.py
[2021-03-01 23:33:06,020] {logging_mixin.py:104} INFO - [2021-03-01 23:33:06,020] {dag.py:1818} INFO - Sync 1 DAGs
[2021-03-01 23:33:06,033] {logging_mixin.py:104} INFO - [2021-03-01 23:33:06,033] {dag.py:1837} INFO - Creating ORM DAG for example_nested_branch_dag
[2021-03-01 23:33:06,046] {logging_mixin.py:104} INFO - [2021-03-01 23:33:06,046] {dag.py:2273} INFO - Setting next_dagrun for example_nested_branch_dag to 2021-02-27 00:00:00+00:00
[2021-03-01 23:33:06,068] {scheduler_job.py:190} INFO - Processing /home/airflow/.local/lib/python3.6/site-packages/airflow/example_dags/example_nested_branch_dag.py took 0.113 seconds
[2021-03-01 23:33:36,675] {scheduler_job.py:182} INFO - Started process (PID=64) to work on /home/airflow/.local/lib/python3.6/site-packages/airflow/example_dags/example_nested_branch_dag.py
[2021-03-01 23:33:36,677] {scheduler_job.py:629} INFO - Processing file /home/airflow/.local/lib/python3.6/site-packages/airflow/example_dags/example_nested_branch_dag.py for tasks to queue
[2021-03-01 23:33:36,678] {logging_mixin.py:104} INFO - [2021-03-01 23:33:36,678] {dagbag.py:448} INFO - Filling up the DagBag from /home/airflow/.local/lib/python3.6/site-packages/airflow/example_dags/example_nested_branch_dag.py
[2021-03-01 23:33:36,695] {scheduler_job.py:639} INFO - DAG(s) dict_keys(['example_nested_branch_dag']) retrieved from /home/airflow/.local/lib/python3.6/site-packages/airflow/example_dags/example_nested_branch_dag.py
[2021-03-01 23:33:36,715] {logging_mixin.py:104} INFO - [2021-03-01 23:33:36,715] {dag.py:1818} INFO - Sync 1 DAGs
[2021-03-01 23:33:36,736] {logging_mixin.py:104} INFO - [2021-03-01 23:33:36,736] {dag.py:2273} INFO - Setting next_dagrun for example_nested_branch_dag to 2021-02-27 00:00:00+00:00
[2021-03-01 23:33:36,744] {scheduler_job.py:190} INFO - Processing /home/airflow/.local/lib/python3.6/site-packages/airflow/example_dags/example_nested_branch_dag.py took 0.073 seconds
[2021-03-01 23:34:07,295] {scheduler_job.py:182} INFO - Started process (PID=95) to work on /home/airflow/.local/lib/python3.6/site-packages/airflow/example_dags/example_nested_branch_dag.py
[2021-03-01 23:34:07,297] {scheduler_job.py:629} INFO - Processing file /home/airflow/.local/lib/python3.6/site-packages/airflow/example_dags/example_nested_branch_dag.py for tasks to queue
[2021-03-01 23:34:07,298] {logging_mixin.py:104} INFO - [2021-03-01 23:34:07,298] {dagbag.py:448} INFO - Filling up the DagBag from /home/airflow/.local/lib/python3.6/site-packages/airflow/example_dags/example_nested_branch_dag.py
[2021-03-01 23:34:07,315] {scheduler_job.py:639} INFO - DAG(s) dict_keys(['example_nested_branch_dag']) retrieved from /home/airflow/.local/lib/python3.6/site-packages/airflow/example_dags/example_nested_branch_dag.py
[2021-03-01 23:34:07,338] {logging_mixin.py:104} INFO - [2021-03-01 23:34:07,338] {dag.py:1818} INFO - Sync 1 DAGs
[2021-03-01 23:34:07,359] {logging_mixin.py:104} INFO - [2021-03-01 23:34:07,359] {dag.py:2273} INFO - Setting next_dagrun for example_nested_branch_dag to 2021-02-27 00:00:00+00:00
[2021-03-01 23:34:07,368] {scheduler_job.py:190} INFO - Processing /home/airflow/.local/lib/python3.6/site-packages/airflow/example_dags/example_nested_branch_dag.py took 0.076 seconds
