[2021-03-01 23:33:05,520] {scheduler_job.py:182} INFO - Started process (PID=32) to work on /home/airflow/.local/lib/python3.6/site-packages/airflow/example_dags/example_branch_python_dop_operator_3.py
[2021-03-01 23:33:05,523] {scheduler_job.py:629} INFO - Processing file /home/airflow/.local/lib/python3.6/site-packages/airflow/example_dags/example_branch_python_dop_operator_3.py for tasks to queue
[2021-03-01 23:33:05,524] {logging_mixin.py:104} INFO - [2021-03-01 23:33:05,524] {dagbag.py:448} INFO - Filling up the DagBag from /home/airflow/.local/lib/python3.6/site-packages/airflow/example_dags/example_branch_python_dop_operator_3.py
[2021-03-01 23:33:05,542] {scheduler_job.py:639} INFO - DAG(s) dict_keys(['example_branch_dop_operator_v3']) retrieved from /home/airflow/.local/lib/python3.6/site-packages/airflow/example_dags/example_branch_python_dop_operator_3.py
[2021-03-01 23:33:05,568] {logging_mixin.py:104} INFO - [2021-03-01 23:33:05,568] {dag.py:1818} INFO - Sync 1 DAGs
[2021-03-01 23:33:05,583] {logging_mixin.py:104} INFO - [2021-03-01 23:33:05,583] {dag.py:1837} INFO - Creating ORM DAG for example_branch_dop_operator_v3
[2021-03-01 23:33:05,610] {logging_mixin.py:104} INFO - [2021-03-01 23:33:05,610] {dag.py:2273} INFO - Setting next_dagrun for example_branch_dop_operator_v3 to 2021-02-27 00:00:00+00:00
[2021-03-01 23:33:05,630] {scheduler_job.py:190} INFO - Processing /home/airflow/.local/lib/python3.6/site-packages/airflow/example_dags/example_branch_python_dop_operator_3.py took 0.113 seconds
[2021-03-01 23:33:36,410] {scheduler_job.py:182} INFO - Started process (PID=58) to work on /home/airflow/.local/lib/python3.6/site-packages/airflow/example_dags/example_branch_python_dop_operator_3.py
[2021-03-01 23:33:36,411] {scheduler_job.py:629} INFO - Processing file /home/airflow/.local/lib/python3.6/site-packages/airflow/example_dags/example_branch_python_dop_operator_3.py for tasks to queue
[2021-03-01 23:33:36,413] {logging_mixin.py:104} INFO - [2021-03-01 23:33:36,413] {dagbag.py:448} INFO - Filling up the DagBag from /home/airflow/.local/lib/python3.6/site-packages/airflow/example_dags/example_branch_python_dop_operator_3.py
[2021-03-01 23:33:36,430] {scheduler_job.py:639} INFO - DAG(s) dict_keys(['example_branch_dop_operator_v3']) retrieved from /home/airflow/.local/lib/python3.6/site-packages/airflow/example_dags/example_branch_python_dop_operator_3.py
[2021-03-01 23:33:36,451] {logging_mixin.py:104} INFO - [2021-03-01 23:33:36,451] {dag.py:1818} INFO - Sync 1 DAGs
[2021-03-01 23:33:36,480] {logging_mixin.py:104} INFO - [2021-03-01 23:33:36,480] {dag.py:2273} INFO - Setting next_dagrun for example_branch_dop_operator_v3 to 2021-02-27 00:00:00+00:00
[2021-03-01 23:33:36,490] {scheduler_job.py:190} INFO - Processing /home/airflow/.local/lib/python3.6/site-packages/airflow/example_dags/example_branch_python_dop_operator_3.py took 0.084 seconds
[2021-03-01 23:34:06,750] {scheduler_job.py:182} INFO - Started process (PID=84) to work on /home/airflow/.local/lib/python3.6/site-packages/airflow/example_dags/example_branch_python_dop_operator_3.py
[2021-03-01 23:34:06,752] {scheduler_job.py:629} INFO - Processing file /home/airflow/.local/lib/python3.6/site-packages/airflow/example_dags/example_branch_python_dop_operator_3.py for tasks to queue
[2021-03-01 23:34:06,754] {logging_mixin.py:104} INFO - [2021-03-01 23:34:06,754] {dagbag.py:448} INFO - Filling up the DagBag from /home/airflow/.local/lib/python3.6/site-packages/airflow/example_dags/example_branch_python_dop_operator_3.py
[2021-03-01 23:34:06,772] {scheduler_job.py:639} INFO - DAG(s) dict_keys(['example_branch_dop_operator_v3']) retrieved from /home/airflow/.local/lib/python3.6/site-packages/airflow/example_dags/example_branch_python_dop_operator_3.py
[2021-03-01 23:34:06,796] {logging_mixin.py:104} INFO - [2021-03-01 23:34:06,796] {dag.py:1818} INFO - Sync 1 DAGs
[2021-03-01 23:34:06,829] {logging_mixin.py:104} INFO - [2021-03-01 23:34:06,829] {dag.py:2273} INFO - Setting next_dagrun for example_branch_dop_operator_v3 to 2021-02-27 00:00:00+00:00
[2021-03-01 23:34:06,838] {scheduler_job.py:190} INFO - Processing /home/airflow/.local/lib/python3.6/site-packages/airflow/example_dags/example_branch_python_dop_operator_3.py took 0.093 seconds
