[2021-03-01 23:33:05,844] {scheduler_job.py:182} INFO - Started process (PID=37) to work on /home/airflow/.local/lib/python3.6/site-packages/airflow/example_dags/tutorial.py
[2021-03-01 23:33:05,847] {scheduler_job.py:629} INFO - Processing file /home/airflow/.local/lib/python3.6/site-packages/airflow/example_dags/tutorial.py for tasks to queue
[2021-03-01 23:33:05,848] {logging_mixin.py:104} INFO - [2021-03-01 23:33:05,848] {dagbag.py:448} INFO - Filling up the DagBag from /home/airflow/.local/lib/python3.6/site-packages/airflow/example_dags/tutorial.py
[2021-03-01 23:33:05,861] {scheduler_job.py:639} INFO - DAG(s) dict_keys(['tutorial']) retrieved from /home/airflow/.local/lib/python3.6/site-packages/airflow/example_dags/tutorial.py
[2021-03-01 23:33:05,890] {logging_mixin.py:104} INFO - [2021-03-01 23:33:05,889] {dag.py:1818} INFO - Sync 1 DAGs
[2021-03-01 23:33:05,904] {logging_mixin.py:104} INFO - [2021-03-01 23:33:05,904] {dag.py:1837} INFO - Creating ORM DAG for tutorial
[2021-03-01 23:33:05,910] {logging_mixin.py:104} INFO - [2021-03-01 23:33:05,910] {dag.py:2273} INFO - Setting next_dagrun for tutorial to 2021-02-27 00:00:00+00:00
[2021-03-01 23:33:05,923] {scheduler_job.py:190} INFO - Processing /home/airflow/.local/lib/python3.6/site-packages/airflow/example_dags/tutorial.py took 0.083 seconds
[2021-03-01 23:33:36,604] {scheduler_job.py:182} INFO - Started process (PID=63) to work on /home/airflow/.local/lib/python3.6/site-packages/airflow/example_dags/tutorial.py
[2021-03-01 23:33:36,606] {scheduler_job.py:629} INFO - Processing file /home/airflow/.local/lib/python3.6/site-packages/airflow/example_dags/tutorial.py for tasks to queue
[2021-03-01 23:33:36,607] {logging_mixin.py:104} INFO - [2021-03-01 23:33:36,607] {dagbag.py:448} INFO - Filling up the DagBag from /home/airflow/.local/lib/python3.6/site-packages/airflow/example_dags/tutorial.py
[2021-03-01 23:33:36,617] {scheduler_job.py:639} INFO - DAG(s) dict_keys(['tutorial']) retrieved from /home/airflow/.local/lib/python3.6/site-packages/airflow/example_dags/tutorial.py
[2021-03-01 23:33:36,638] {logging_mixin.py:104} INFO - [2021-03-01 23:33:36,638] {dag.py:1818} INFO - Sync 1 DAGs
[2021-03-01 23:33:36,654] {logging_mixin.py:104} INFO - [2021-03-01 23:33:36,653] {dag.py:2273} INFO - Setting next_dagrun for tutorial to 2021-02-27 00:00:00+00:00
[2021-03-01 23:33:36,663] {scheduler_job.py:190} INFO - Processing /home/airflow/.local/lib/python3.6/site-packages/airflow/example_dags/tutorial.py took 0.062 seconds
[2021-03-01 23:34:07,030] {scheduler_job.py:182} INFO - Started process (PID=89) to work on /home/airflow/.local/lib/python3.6/site-packages/airflow/example_dags/tutorial.py
[2021-03-01 23:34:07,032] {scheduler_job.py:629} INFO - Processing file /home/airflow/.local/lib/python3.6/site-packages/airflow/example_dags/tutorial.py for tasks to queue
[2021-03-01 23:34:07,033] {logging_mixin.py:104} INFO - [2021-03-01 23:34:07,033] {dagbag.py:448} INFO - Filling up the DagBag from /home/airflow/.local/lib/python3.6/site-packages/airflow/example_dags/tutorial.py
[2021-03-01 23:34:07,044] {scheduler_job.py:639} INFO - DAG(s) dict_keys(['tutorial']) retrieved from /home/airflow/.local/lib/python3.6/site-packages/airflow/example_dags/tutorial.py
[2021-03-01 23:34:07,067] {logging_mixin.py:104} INFO - [2021-03-01 23:34:07,067] {dag.py:1818} INFO - Sync 1 DAGs
[2021-03-01 23:34:07,084] {logging_mixin.py:104} INFO - [2021-03-01 23:34:07,084] {dag.py:2273} INFO - Setting next_dagrun for tutorial to 2021-02-27 00:00:00+00:00
[2021-03-01 23:34:07,093] {scheduler_job.py:190} INFO - Processing /home/airflow/.local/lib/python3.6/site-packages/airflow/example_dags/tutorial.py took 0.066 seconds
