[2021-03-01 23:33:05,300] {scheduler_job.py:182} INFO - Started process (PID=28) to work on /home/airflow/.local/lib/python3.6/site-packages/airflow/example_dags/tutorial_etl_dag.py
[2021-03-01 23:33:05,303] {scheduler_job.py:629} INFO - Processing file /home/airflow/.local/lib/python3.6/site-packages/airflow/example_dags/tutorial_etl_dag.py for tasks to queue
[2021-03-01 23:33:05,304] {logging_mixin.py:104} INFO - [2021-03-01 23:33:05,304] {dagbag.py:448} INFO - Filling up the DagBag from /home/airflow/.local/lib/python3.6/site-packages/airflow/example_dags/tutorial_etl_dag.py
[2021-03-01 23:33:05,327] {scheduler_job.py:639} INFO - DAG(s) dict_keys(['tutorial_etl_dag']) retrieved from /home/airflow/.local/lib/python3.6/site-packages/airflow/example_dags/tutorial_etl_dag.py
[2021-03-01 23:33:05,352] {logging_mixin.py:104} INFO - [2021-03-01 23:33:05,351] {dag.py:1818} INFO - Sync 1 DAGs
[2021-03-01 23:33:05,365] {logging_mixin.py:104} INFO - [2021-03-01 23:33:05,365] {dag.py:1837} INFO - Creating ORM DAG for tutorial_etl_dag
[2021-03-01 23:33:05,371] {logging_mixin.py:104} INFO - [2021-03-01 23:33:05,371] {dag.py:2273} INFO - Setting next_dagrun for tutorial_etl_dag to None
[2021-03-01 23:33:05,387] {scheduler_job.py:190} INFO - Processing /home/airflow/.local/lib/python3.6/site-packages/airflow/example_dags/tutorial_etl_dag.py took 0.092 seconds
[2021-03-01 23:33:36,240] {scheduler_job.py:182} INFO - Started process (PID=54) to work on /home/airflow/.local/lib/python3.6/site-packages/airflow/example_dags/tutorial_etl_dag.py
[2021-03-01 23:33:36,243] {scheduler_job.py:629} INFO - Processing file /home/airflow/.local/lib/python3.6/site-packages/airflow/example_dags/tutorial_etl_dag.py for tasks to queue
[2021-03-01 23:33:36,245] {logging_mixin.py:104} INFO - [2021-03-01 23:33:36,245] {dagbag.py:448} INFO - Filling up the DagBag from /home/airflow/.local/lib/python3.6/site-packages/airflow/example_dags/tutorial_etl_dag.py
[2021-03-01 23:33:36,261] {scheduler_job.py:639} INFO - DAG(s) dict_keys(['tutorial_etl_dag']) retrieved from /home/airflow/.local/lib/python3.6/site-packages/airflow/example_dags/tutorial_etl_dag.py
[2021-03-01 23:33:36,281] {logging_mixin.py:104} INFO - [2021-03-01 23:33:36,281] {dag.py:1818} INFO - Sync 1 DAGs
[2021-03-01 23:33:36,296] {logging_mixin.py:104} INFO - [2021-03-01 23:33:36,296] {dag.py:2273} INFO - Setting next_dagrun for tutorial_etl_dag to None
[2021-03-01 23:33:36,305] {scheduler_job.py:190} INFO - Processing /home/airflow/.local/lib/python3.6/site-packages/airflow/example_dags/tutorial_etl_dag.py took 0.069 seconds
[2021-03-01 23:34:06,661] {scheduler_job.py:182} INFO - Started process (PID=82) to work on /home/airflow/.local/lib/python3.6/site-packages/airflow/example_dags/tutorial_etl_dag.py
[2021-03-01 23:34:06,663] {scheduler_job.py:629} INFO - Processing file /home/airflow/.local/lib/python3.6/site-packages/airflow/example_dags/tutorial_etl_dag.py for tasks to queue
[2021-03-01 23:34:06,664] {logging_mixin.py:104} INFO - [2021-03-01 23:34:06,664] {dagbag.py:448} INFO - Filling up the DagBag from /home/airflow/.local/lib/python3.6/site-packages/airflow/example_dags/tutorial_etl_dag.py
[2021-03-01 23:34:06,682] {scheduler_job.py:639} INFO - DAG(s) dict_keys(['tutorial_etl_dag']) retrieved from /home/airflow/.local/lib/python3.6/site-packages/airflow/example_dags/tutorial_etl_dag.py
[2021-03-01 23:34:06,704] {logging_mixin.py:104} INFO - [2021-03-01 23:34:06,704] {dag.py:1818} INFO - Sync 1 DAGs
[2021-03-01 23:34:06,719] {logging_mixin.py:104} INFO - [2021-03-01 23:34:06,719] {dag.py:2273} INFO - Setting next_dagrun for tutorial_etl_dag to None
[2021-03-01 23:34:06,728] {scheduler_job.py:190} INFO - Processing /home/airflow/.local/lib/python3.6/site-packages/airflow/example_dags/tutorial_etl_dag.py took 0.071 seconds
