[2021-03-01 23:33:05,078] {dag_processing.py:590} INFO - Processing files using up to 2 processes at a time 
[2021-03-01 23:33:05,080] {dag_processing.py:591} INFO - Process each file at most once every 30 seconds
[2021-03-01 23:33:05,081] {dag_processing.py:593} INFO - Checking for new files in /opt/airflow/dags every 300 seconds
[2021-03-01 23:33:05,083] {dag_processing.py:731} INFO - Searching for files in /opt/airflow/dags
[2021-03-01 23:33:05,092] {dag_processing.py:734} INFO - There are 26 files in /opt/airflow/dags
[2021-03-01 23:33:05,134] {dag_processing.py:1071} INFO - Finding 'running' jobs without a recent heartbeat
[2021-03-01 23:33:05,136] {dag_processing.py:1075} INFO - Failing jobs without heartbeat after 2021-03-01 23:28:05.136629+00:00
[2021-03-01 23:33:05,198] {dag_processing.py:838} INFO - 
================================================================================
DAG File Processing Stats

File Path                                                                                                           PID  Runtime      # DAGs    # Errors  Last Runtime    Last Run
----------------------------------------------------------------------------------------------------------------  -----  ---------  --------  ----------  --------------  ----------
/home/airflow/.local/lib/python3.6/site-packages/airflow/example_dags/example_python_operator.py                                           0           0
/home/airflow/.local/lib/python3.6/site-packages/airflow/example_dags/example_kubernetes_executor.py                                       0           0
/home/airflow/.local/lib/python3.6/site-packages/airflow/example_dags/test_utils.py                                                        0           0
/home/airflow/.local/lib/python3.6/site-packages/airflow/example_dags/example_passing_params_via_test_command.py     26  0.07s             0           0
/home/airflow/.local/lib/python3.6/site-packages/airflow/example_dags/example_dag_decorator.py                                             0           0
/home/airflow/.local/lib/python3.6/site-packages/airflow/example_dags/example_nested_branch_dag.py                                         0           0
/home/airflow/.local/lib/python3.6/site-packages/airflow/example_dags/example_xcom.py                                                      0           0
/home/airflow/.local/lib/python3.6/site-packages/airflow/example_dags/example_short_circuit_operator.py                                    0           0
/home/airflow/.local/lib/python3.6/site-packages/airflow/example_dags/example_xcomargs.py                                                  0           0
/home/airflow/.local/lib/python3.6/site-packages/airflow/example_dags/example_skip_dag.py                                                  0           0
/home/airflow/.local/lib/python3.6/site-packages/airflow/example_dags/tutorial_taskflow_api_etl.py                                         0           0
/home/airflow/.local/lib/python3.6/site-packages/airflow/example_dags/example_latest_only_with_trigger.py            27  0.06s             0           0
/home/airflow/.local/lib/python3.6/site-packages/airflow/example_dags/example_branch_operator.py                                           0           0
/home/airflow/.local/lib/python3.6/site-packages/airflow/example_dags/example_branch_python_dop_operator_3.py                              0           0
/home/airflow/.local/lib/python3.6/site-packages/airflow/example_dags/example_bash_operator.py                                             0           0
/home/airflow/.local/lib/python3.6/site-packages/airflow/example_dags/tutorial.py                                                          0           0
/home/airflow/.local/lib/python3.6/site-packages/airflow/example_dags/example_task_group.py                                                0           0
/home/airflow/.local/lib/python3.6/site-packages/airflow/example_dags/example_external_task_marker_dag.py                                  0           0
/home/airflow/.local/lib/python3.6/site-packages/airflow/example_dags/example_subdag_operator.py                                           0           0
/home/airflow/.local/lib/python3.6/site-packages/airflow/example_dags/example_kubernetes_executor_config.py                                0           0
/home/airflow/.local/lib/python3.6/site-packages/airflow/example_dags/example_trigger_controller_dag.py                                    0           0
/home/airflow/.local/lib/python3.6/site-packages/airflow/example_dags/example_latest_only.py                                               0           0
/home/airflow/.local/lib/python3.6/site-packages/airflow/example_dags/tutorial_etl_dag.py                                                  0           0
/home/airflow/.local/lib/python3.6/site-packages/airflow/example_dags/example_complex.py                                                   0           0
/home/airflow/.local/lib/python3.6/site-packages/airflow/example_dags/example_trigger_target_dag.py                                        0           0
/home/airflow/.local/lib/python3.6/site-packages/airflow/example_dags/subdags/subdag.py                                                    0           0
================================================================================
[2021-03-01 23:33:16,023] {dag_processing.py:1071} INFO - Finding 'running' jobs without a recent heartbeat
[2021-03-01 23:33:16,027] {dag_processing.py:1075} INFO - Failing jobs without heartbeat after 2021-03-01 23:28:16.026983+00:00
[2021-03-01 23:33:26,066] {dag_processing.py:1071} INFO - Finding 'running' jobs without a recent heartbeat
[2021-03-01 23:33:26,069] {dag_processing.py:1075} INFO - Failing jobs without heartbeat after 2021-03-01 23:28:26.069874+00:00
[2021-03-01 23:33:36,103] {dag_processing.py:1071} INFO - Finding 'running' jobs without a recent heartbeat
[2021-03-01 23:33:36,106] {dag_processing.py:1075} INFO - Failing jobs without heartbeat after 2021-03-01 23:28:36.106120+00:00
[2021-03-01 23:33:36,125] {dag_processing.py:838} INFO - 
================================================================================
DAG File Processing Stats

File Path                                                                                                           PID  Runtime      # DAGs    # Errors  Last Runtime    Last Run
----------------------------------------------------------------------------------------------------------------  -----  ---------  --------  ----------  --------------  -------------------
/home/airflow/.local/lib/python3.6/site-packages/airflow/example_dags/subdags/subdag.py                                                    0           0  0.07s           2021-03-01T23:33:06
/home/airflow/.local/lib/python3.6/site-packages/airflow/example_dags/example_python_operator.py                                           1           0  0.11s           2021-03-01T23:33:06
/home/airflow/.local/lib/python3.6/site-packages/airflow/example_dags/example_kubernetes_executor.py                                       1           0  0.16s           2021-03-01T23:33:06
/home/airflow/.local/lib/python3.6/site-packages/airflow/example_dags/test_utils.py                                                        1           0  0.12s           2021-03-01T23:33:05
/home/airflow/.local/lib/python3.6/site-packages/airflow/example_dags/example_passing_params_via_test_command.py     52  0.01s             1           0  0.18s           2021-03-01T23:33:05
/home/airflow/.local/lib/python3.6/site-packages/airflow/example_dags/example_dag_decorator.py                                             1           0  0.18s           2021-03-01T23:33:06
/home/airflow/.local/lib/python3.6/site-packages/airflow/example_dags/example_nested_branch_dag.py                                         1           0  0.14s           2021-03-01T23:33:06
/home/airflow/.local/lib/python3.6/site-packages/airflow/example_dags/example_xcom.py                                                      1           0  0.12s           2021-03-01T23:33:05
/home/airflow/.local/lib/python3.6/site-packages/airflow/example_dags/example_short_circuit_operator.py                                    1           0  0.19s           2021-03-01T23:33:06
/home/airflow/.local/lib/python3.6/site-packages/airflow/example_dags/example_skip_dag.py                                                  1           0  0.15s           2021-03-01T23:33:07
/home/airflow/.local/lib/python3.6/site-packages/airflow/example_dags/tutorial_taskflow_api_etl.py                                         1           0  0.11s           2021-03-01T23:33:07
/home/airflow/.local/lib/python3.6/site-packages/airflow/example_dags/example_latest_only_with_trigger.py            53  0.00s             1           0  0.15s           2021-03-01T23:33:05
/home/airflow/.local/lib/python3.6/site-packages/airflow/example_dags/example_branch_operator.py                                           1           0  0.22s           2021-03-01T23:33:06
/home/airflow/.local/lib/python3.6/site-packages/airflow/example_dags/example_branch_python_dop_operator_3.py                              1           0  0.13s           2021-03-01T23:33:05
/home/airflow/.local/lib/python3.6/site-packages/airflow/example_dags/example_bash_operator.py                                             1           0  0.13s           2021-03-01T23:33:05
/home/airflow/.local/lib/python3.6/site-packages/airflow/example_dags/tutorial.py                                                          1           0  0.11s           2021-03-01T23:33:05
/home/airflow/.local/lib/python3.6/site-packages/airflow/example_dags/example_task_group.py                                                1           0  0.12s           2021-03-01T23:33:06
/home/airflow/.local/lib/python3.6/site-packages/airflow/example_dags/example_kubernetes_executor_config.py                                1           0  0.17s           2021-03-01T23:33:06
/home/airflow/.local/lib/python3.6/site-packages/airflow/example_dags/example_trigger_controller_dag.py                                    1           0  0.10s           2021-03-01T23:33:05
/home/airflow/.local/lib/python3.6/site-packages/airflow/example_dags/example_latest_only.py                                               1           0  0.19s           2021-03-01T23:33:06
/home/airflow/.local/lib/python3.6/site-packages/airflow/example_dags/tutorial_etl_dag.py                                                  1           0  0.12s           2021-03-01T23:33:05
/home/airflow/.local/lib/python3.6/site-packages/airflow/example_dags/example_complex.py                                                   1           0  0.17s           2021-03-01T23:33:06
/home/airflow/.local/lib/python3.6/site-packages/airflow/example_dags/example_trigger_target_dag.py                                        1           0  0.11s           2021-03-01T23:33:05
/home/airflow/.local/lib/python3.6/site-packages/airflow/example_dags/example_xcomargs.py                                                  2           0  0.13s           2021-03-01T23:33:05
/home/airflow/.local/lib/python3.6/site-packages/airflow/example_dags/example_external_task_marker_dag.py                                  2           0  0.14s           2021-03-01T23:33:05
/home/airflow/.local/lib/python3.6/site-packages/airflow/example_dags/example_subdag_operator.py                                           3           0  0.22s           2021-03-01T23:33:06
================================================================================
[2021-03-01 23:33:46,384] {dag_processing.py:1071} INFO - Finding 'running' jobs without a recent heartbeat
[2021-03-01 23:33:46,386] {dag_processing.py:1075} INFO - Failing jobs without heartbeat after 2021-03-01 23:28:46.386922+00:00
[2021-03-01 23:33:56,415] {dag_processing.py:1071} INFO - Finding 'running' jobs without a recent heartbeat
[2021-03-01 23:33:56,417] {dag_processing.py:1075} INFO - Failing jobs without heartbeat after 2021-03-01 23:28:56.417745+00:00
[2021-03-01 23:34:06,459] {dag_processing.py:1071} INFO - Finding 'running' jobs without a recent heartbeat
[2021-03-01 23:34:06,462] {dag_processing.py:1075} INFO - Failing jobs without heartbeat after 2021-03-01 23:29:06.462799+00:00
[2021-03-01 23:34:06,480] {dag_processing.py:838} INFO - 
================================================================================
DAG File Processing Stats

File Path                                                                                                           PID  Runtime      # DAGs    # Errors  Last Runtime    Last Run
----------------------------------------------------------------------------------------------------------------  -----  ---------  --------  ----------  --------------  -------------------
/home/airflow/.local/lib/python3.6/site-packages/airflow/example_dags/subdags/subdag.py                                                    0           0  0.04s           2021-03-01T23:33:37
/home/airflow/.local/lib/python3.6/site-packages/airflow/example_dags/example_python_operator.py                                           1           0  0.08s           2021-03-01T23:33:36
/home/airflow/.local/lib/python3.6/site-packages/airflow/example_dags/example_kubernetes_executor.py                                       1           0  0.08s           2021-03-01T23:33:36
/home/airflow/.local/lib/python3.6/site-packages/airflow/example_dags/test_utils.py                                                        1           0  0.08s           2021-03-01T23:33:36
/home/airflow/.local/lib/python3.6/site-packages/airflow/example_dags/example_passing_params_via_test_command.py     79  0.00s             1           0  0.13s           2021-03-01T23:33:36
/home/airflow/.local/lib/python3.6/site-packages/airflow/example_dags/example_dag_decorator.py                                             1           0  0.10s           2021-03-01T23:33:37
/home/airflow/.local/lib/python3.6/site-packages/airflow/example_dags/example_nested_branch_dag.py                                         1           0  0.09s           2021-03-01T23:33:36
/home/airflow/.local/lib/python3.6/site-packages/airflow/example_dags/example_xcom.py                                                      1           0  0.08s           2021-03-01T23:33:36
/home/airflow/.local/lib/python3.6/site-packages/airflow/example_dags/example_short_circuit_operator.py                                    1           0  0.08s           2021-03-01T23:33:37
/home/airflow/.local/lib/python3.6/site-packages/airflow/example_dags/example_skip_dag.py                                                  1           0  0.09s           2021-03-01T23:33:37
/home/airflow/.local/lib/python3.6/site-packages/airflow/example_dags/tutorial_taskflow_api_etl.py                                         1           0  0.11s           2021-03-01T23:33:37
/home/airflow/.local/lib/python3.6/site-packages/airflow/example_dags/example_latest_only_with_trigger.py                                  1           0  0.11s           2021-03-01T23:33:36
/home/airflow/.local/lib/python3.6/site-packages/airflow/example_dags/example_branch_operator.py                                           1           0  0.12s           2021-03-01T23:33:37
/home/airflow/.local/lib/python3.6/site-packages/airflow/example_dags/example_branch_python_dop_operator_3.py                              1           0  0.10s           2021-03-01T23:33:36
/home/airflow/.local/lib/python3.6/site-packages/airflow/example_dags/example_bash_operator.py                                             1           0  0.08s           2021-03-01T23:33:36
/home/airflow/.local/lib/python3.6/site-packages/airflow/example_dags/tutorial.py                                                          1           0  0.08s           2021-03-01T23:33:36
/home/airflow/.local/lib/python3.6/site-packages/airflow/example_dags/example_task_group.py                                                1           0  0.09s           2021-03-01T23:33:36
/home/airflow/.local/lib/python3.6/site-packages/airflow/example_dags/example_kubernetes_executor_config.py                                1           0  0.09s           2021-03-01T23:33:36
/home/airflow/.local/lib/python3.6/site-packages/airflow/example_dags/example_trigger_controller_dag.py              78  0.01s             1           0  0.08s           2021-03-01T23:33:36
/home/airflow/.local/lib/python3.6/site-packages/airflow/example_dags/example_latest_only.py                                               1           0  0.09s           2021-03-01T23:33:37
/home/airflow/.local/lib/python3.6/site-packages/airflow/example_dags/tutorial_etl_dag.py                                                  1           0  0.08s           2021-03-01T23:33:36
/home/airflow/.local/lib/python3.6/site-packages/airflow/example_dags/example_complex.py                                                   1           0  0.09s           2021-03-01T23:33:37
/home/airflow/.local/lib/python3.6/site-packages/airflow/example_dags/example_trigger_target_dag.py                                        1           0  0.08s           2021-03-01T23:33:36
/home/airflow/.local/lib/python3.6/site-packages/airflow/example_dags/example_xcomargs.py                                                  2           0  0.09s           2021-03-01T23:33:36
/home/airflow/.local/lib/python3.6/site-packages/airflow/example_dags/example_external_task_marker_dag.py                                  2           0  0.09s           2021-03-01T23:33:36
/home/airflow/.local/lib/python3.6/site-packages/airflow/example_dags/example_subdag_operator.py                                           3           0  0.11s           2021-03-01T23:33:37
================================================================================
[2021-03-01 23:34:16,691] {dag_processing.py:1071} INFO - Finding 'running' jobs without a recent heartbeat
[2021-03-01 23:34:16,692] {dag_processing.py:1075} INFO - Failing jobs without heartbeat after 2021-03-01 23:29:16.692767+00:00
[2021-03-01 23:34:26,725] {dag_processing.py:1071} INFO - Finding 'running' jobs without a recent heartbeat
[2021-03-01 23:34:26,727] {dag_processing.py:1075} INFO - Failing jobs without heartbeat after 2021-03-01 23:29:26.727254+00:00
[2021-03-01 23:34:33,472] {dag_processing.py:571} INFO - Exiting gracefully upon receiving signal 15
